0 verbose cli /opt/homebrew/Cellar/node@20/20.19.6/bin/node /opt/homebrew/opt/node@20/bin/npm
1 info using npm@10.8.2
2 info using node@v20.19.6
3 silly config load:file:/opt/homebrew/Cellar/node@20/20.19.6/lib/node_modules/npm/npmrc
4 silly config load:file:/Users/ayumuyoshinaga/Desktop/supabaseテキスト/react_supabase/.npmrc
5 silly config load:file:/Users/ayumuyoshinaga/.npmrc
6 silly config load:file:/opt/homebrew/etc/npmrc
7 verbose title npm ci
8 verbose argv "ci" "--cache" "./.npm-cache" "--loglevel" "error"
9 verbose logfile logs-max:10 dir:/Users/ayumuyoshinaga/Desktop/supabaseテキスト/react_supabase/.npm-cache/_logs/2026-02-11T03_17_52_136Z-
10 verbose logfile /Users/ayumuyoshinaga/Desktop/supabaseテキスト/react_supabase/.npm-cache/_logs/2026-02-11T03_17_52_136Z-debug-0.log
11 silly packumentCache heap:4345298944 maxSize:1086324736 maxEntrySize:543162368
12 silly logfile done cleaning log files
13 silly idealTree buildDeps
14 silly reify moves {}
15 verbose reify failed optional dependency /Users/ayumuyoshinaga/Desktop/supabaseテキスト/react_supabase/node_modules/@tailwindcss/oxide-wasm32-wasi
16 silly reify mark deleted [
16 silly reify   '/Users/ayumuyoshinaga/Desktop/supabaseテキスト/react_supabase/node_modules/@tailwindcss/oxide-wasm32-wasi'
16 silly reify ]
17 silly audit bulk request {
17 silly audit   '@babel/code-frame': [ '7.29.0' ],
17 silly audit   '@babel/compat-data': [ '7.29.0' ],
17 silly audit   '@babel/core': [ '7.29.0' ],
17 silly audit   '@babel/generator': [ '7.29.0' ],
17 silly audit   '@babel/helper-compilation-targets': [ '7.28.6' ],
17 silly audit   '@babel/helper-globals': [ '7.28.0' ],
17 silly audit   '@babel/helper-module-imports': [ '7.28.6' ],
17 silly audit   '@babel/helper-module-transforms': [ '7.28.6' ],
17 silly audit   '@babel/helper-plugin-utils': [ '7.28.6' ],
17 silly audit   '@babel/helper-string-parser': [ '7.27.1' ],
17 silly audit   '@babel/helper-validator-identifier': [ '7.28.5' ],
17 silly audit   '@babel/helper-validator-option': [ '7.27.1' ],
17 silly audit   '@babel/helpers': [ '7.28.6' ],
17 silly audit   '@babel/parser': [ '7.29.0' ],
17 silly audit   '@babel/plugin-transform-react-jsx-self': [ '7.27.1' ],
17 silly audit   '@babel/plugin-transform-react-jsx-source': [ '7.27.1' ],
17 silly audit   '@babel/template': [ '7.28.6' ],
17 silly audit   '@babel/traverse': [ '7.29.0' ],
17 silly audit   '@babel/types': [ '7.29.0' ],
17 silly audit   '@esbuild/aix-ppc64': [ '0.21.5' ],
17 silly audit   '@esbuild/android-arm': [ '0.21.5' ],
17 silly audit   '@esbuild/android-arm64': [ '0.21.5' ],
17 silly audit   '@esbuild/android-x64': [ '0.21.5' ],
17 silly audit   '@esbuild/darwin-arm64': [ '0.21.5' ],
17 silly audit   '@esbuild/darwin-x64': [ '0.21.5' ],
17 silly audit   '@esbuild/freebsd-arm64': [ '0.21.5' ],
17 silly audit   '@esbuild/freebsd-x64': [ '0.21.5' ],
17 silly audit   '@esbuild/linux-arm': [ '0.21.5' ],
17 silly audit   '@esbuild/linux-arm64': [ '0.21.5' ],
17 silly audit   '@esbuild/linux-ia32': [ '0.21.5' ],
17 silly audit   '@esbuild/linux-loong64': [ '0.21.5' ],
17 silly audit   '@esbuild/linux-mips64el': [ '0.21.5' ],
17 silly audit   '@esbuild/linux-ppc64': [ '0.21.5' ],
17 silly audit   '@esbuild/linux-riscv64': [ '0.21.5' ],
17 silly audit   '@esbuild/linux-s390x': [ '0.21.5' ],
17 silly audit   '@esbuild/linux-x64': [ '0.21.5' ],
17 silly audit   '@esbuild/netbsd-x64': [ '0.21.5' ],
17 silly audit   '@esbuild/openbsd-x64': [ '0.21.5' ],
17 silly audit   '@esbuild/sunos-x64': [ '0.21.5' ],
17 silly audit   '@esbuild/win32-arm64': [ '0.21.5' ],
17 silly audit   '@esbuild/win32-ia32': [ '0.21.5' ],
17 silly audit   '@esbuild/win32-x64': [ '0.21.5' ],
17 silly audit   '@jridgewell/gen-mapping': [ '0.3.13' ],
17 silly audit   '@jridgewell/remapping': [ '2.3.5' ],
17 silly audit   '@jridgewell/resolve-uri': [ '3.1.2' ],
17 silly audit   '@jridgewell/sourcemap-codec': [ '1.5.5' ],
17 silly audit   '@jridgewell/trace-mapping': [ '0.3.31' ],
17 silly audit   '@rolldown/pluginutils': [ '1.0.0-beta.27' ],
17 silly audit   '@rollup/rollup-android-arm-eabi': [ '4.57.1' ],
17 silly audit   '@rollup/rollup-android-arm64': [ '4.57.1' ],
17 silly audit   '@rollup/rollup-darwin-arm64': [ '4.57.1' ],
17 silly audit   '@rollup/rollup-darwin-x64': [ '4.57.1' ],
17 silly audit   '@rollup/rollup-freebsd-arm64': [ '4.57.1' ],
17 silly audit   '@rollup/rollup-freebsd-x64': [ '4.57.1' ],
17 silly audit   '@rollup/rollup-linux-arm-gnueabihf': [ '4.57.1' ],
17 silly audit   '@rollup/rollup-linux-arm-musleabihf': [ '4.57.1' ],
17 silly audit   '@rollup/rollup-linux-arm64-gnu': [ '4.57.1' ],
17 silly audit   '@rollup/rollup-linux-arm64-musl': [ '4.57.1' ],
17 silly audit   '@rollup/rollup-linux-loong64-gnu': [ '4.57.1' ],
17 silly audit   '@rollup/rollup-linux-loong64-musl': [ '4.57.1' ],
17 silly audit   '@rollup/rollup-linux-ppc64-gnu': [ '4.57.1' ],
17 silly audit   '@rollup/rollup-linux-ppc64-musl': [ '4.57.1' ],
17 silly audit   '@rollup/rollup-linux-riscv64-gnu': [ '4.57.1' ],
17 silly audit   '@rollup/rollup-linux-riscv64-musl': [ '4.57.1' ],
17 silly audit   '@rollup/rollup-linux-s390x-gnu': [ '4.57.1' ],
17 silly audit   '@rollup/rollup-linux-x64-gnu': [ '4.57.1' ],
17 silly audit   '@rollup/rollup-linux-x64-musl': [ '4.57.1' ],
17 silly audit   '@rollup/rollup-openbsd-x64': [ '4.57.1' ],
17 silly audit   '@rollup/rollup-openharmony-arm64': [ '4.57.1' ],
17 silly audit   '@rollup/rollup-win32-arm64-msvc': [ '4.57.1' ],
17 silly audit   '@rollup/rollup-win32-ia32-msvc': [ '4.57.1' ],
17 silly audit   '@rollup/rollup-win32-x64-gnu': [ '4.57.1' ],
17 silly audit   '@rollup/rollup-win32-x64-msvc': [ '4.57.1' ],
17 silly audit   '@supabase/auth-js': [ '2.93.3' ],
17 silly audit   '@supabase/functions-js': [ '2.93.3' ],
17 silly audit   '@supabase/postgrest-js': [ '2.93.3' ],
17 silly audit   '@supabase/realtime-js': [ '2.93.3' ],
17 silly audit   '@supabase/storage-js': [ '2.93.3' ],
17 silly audit   '@supabase/supabase-js': [ '2.93.3' ],
17 silly audit   '@tailwindcss/node': [ '4.1.18' ],
17 silly audit   '@tailwindcss/oxide': [ '4.1.18' ],
17 silly audit   '@tailwindcss/oxide-android-arm64': [ '4.1.18' ],
17 silly audit   '@tailwindcss/oxide-darwin-arm64': [ '4.1.18' ],
17 silly audit   '@tailwindcss/oxide-darwin-x64': [ '4.1.18' ],
17 silly audit   '@tailwindcss/oxide-freebsd-x64': [ '4.1.18' ],
17 silly audit   '@tailwindcss/oxide-linux-arm-gnueabihf': [ '4.1.18' ],
17 silly audit   '@tailwindcss/oxide-linux-arm64-gnu': [ '4.1.18' ],
17 silly audit   '@tailwindcss/oxide-linux-arm64-musl': [ '4.1.18' ],
17 silly audit   '@tailwindcss/oxide-linux-x64-gnu': [ '4.1.18' ],
17 silly audit   '@tailwindcss/oxide-linux-x64-musl': [ '4.1.18' ],
17 silly audit   '@tailwindcss/oxide-win32-arm64-msvc': [ '4.1.18' ],
17 silly audit   '@tailwindcss/oxide-win32-x64-msvc': [ '4.1.18' ],
17 silly audit   '@tailwindcss/vite': [ '4.1.18' ],
17 silly audit   '@types/babel__core': [ '7.20.5' ],
17 silly audit   '@types/babel__generator': [ '7.27.0' ],
17 silly audit   '@types/babel__template': [ '7.4.4' ],
17 silly audit   '@types/babel__traverse': [ '7.28.0' ],
17 silly audit   '@types/estree': [ '1.0.8' ],
17 silly audit   '@types/node': [ '25.2.0' ],
17 silly audit   '@types/phoenix': [ '1.6.7' ],
17 silly audit   '@types/prop-types': [ '15.7.15' ],
17 silly audit   '@types/react': [ '18.3.27' ],
17 silly audit   '@types/react-dom': [ '18.3.7' ],
17 silly audit   '@types/ws': [ '8.18.1' ],
17 silly audit   '@vitejs/plugin-react': [ '4.7.0' ],
17 silly audit   'baseline-browser-mapping': [ '2.9.19' ],
17 silly audit   browserslist: [ '4.28.1' ],
17 silly audit   'caniuse-lite': [ '1.0.30001767' ],
17 silly audit   'convert-source-map': [ '2.0.0' ],
17 silly audit   csstype: [ '3.2.3' ],
17 silly audit   debug: [ '4.4.3' ],
17 silly audit   'detect-libc': [ '2.1.2' ],
17 silly audit   'electron-to-chromium': [ '1.5.283' ],
17 silly audit   'enhanced-resolve': [ '5.18.4' ],
17 silly audit   esbuild: [ '0.21.5' ],
17 silly audit   escalade: [ '3.2.0' ],
17 silly audit   fsevents: [ '2.3.3' ],
17 silly audit   gensync: [ '1.0.0-beta.2' ],
17 silly audit   'graceful-fs': [ '4.2.11' ],
17 silly audit   'iceberg-js': [ '0.8.1' ],
17 silly audit   jiti: [ '2.6.1' ],
17 silly audit   'js-tokens': [ '4.0.0' ],
17 silly audit   jsesc: [ '3.1.0' ],
17 silly audit   json5: [ '2.2.3' ],
17 silly audit   lightningcss: [ '1.30.2' ],
17 silly audit   'lightningcss-android-arm64': [ '1.30.2' ],
17 silly audit   'lightningcss-darwin-arm64': [ '1.30.2' ],
17 silly audit   'lightningcss-darwin-x64': [ '1.30.2' ],
17 silly audit   'lightningcss-freebsd-x64': [ '1.30.2' ],
17 silly audit   'lightningcss-linux-arm-gnueabihf': [ '1.30.2' ],
17 silly audit   'lightningcss-linux-arm64-gnu': [ '1.30.2' ],
17 silly audit   'lightningcss-linux-arm64-musl': [ '1.30.2' ],
17 silly audit   'lightningcss-linux-x64-gnu': [ '1.30.2' ],
17 silly audit   'lightningcss-linux-x64-musl': [ '1.30.2' ],
17 silly audit   'lightningcss-win32-arm64-msvc': [ '1.30.2' ],
17 silly audit   'lightningcss-win32-x64-msvc': [ '1.30.2' ],
17 silly audit   'loose-envify': [ '1.4.0' ],
17 silly audit   'lru-cache': [ '5.1.1' ],
17 silly audit   'magic-string': [ '0.30.21' ],
17 silly audit   ms: [ '2.1.3' ],
17 silly audit   nanoid: [ '3.3.11' ],
17 silly audit   'node-releases': [ '2.0.27' ],
17 silly audit   picocolors: [ '1.1.1' ],
17 silly audit   postcss: [ '8.5.6' ],
17 silly audit   react: [ '18.3.1' ],
17 silly audit   'react-dom': [ '18.3.1' ],
17 silly audit   'react-refresh': [ '0.17.0' ],
17 silly audit   rollup: [ '4.57.1' ],
17 silly audit   scheduler: [ '0.23.2' ],
17 silly audit   semver: [ '6.3.1' ],
17 silly audit   'source-map-js': [ '1.2.1' ],
17 silly audit   tailwindcss: [ '4.1.18' ],
17 silly audit   tapable: [ '2.3.0' ],
17 silly audit   tslib: [ '2.8.1' ],
17 silly audit   typescript: [ '5.9.3' ],
17 silly audit   'undici-types': [ '7.16.0' ],
17 silly audit   'update-browserslist-db': [ '1.2.3' ],
17 silly audit   vite: [ '5.4.21' ],
17 silly audit   ws: [ '8.19.0' ],
17 silly audit   yallist: [ '3.1.1' ],
17 silly audit   '@tailwindcss/oxide-wasm32-wasi': [ '4.1.18' ]
17 silly audit }
18 verbose reify failed optional dependency /Users/ayumuyoshinaga/Desktop/supabaseテキスト/react_supabase/node_modules/lightningcss-win32-x64-msvc
19 silly reify mark deleted [
19 silly reify   '/Users/ayumuyoshinaga/Desktop/supabaseテキスト/react_supabase/node_modules/lightningcss-win32-x64-msvc'
19 silly reify ]
20 verbose reify failed optional dependency /Users/ayumuyoshinaga/Desktop/supabaseテキスト/react_supabase/node_modules/lightningcss-win32-arm64-msvc
21 silly reify mark deleted [
21 silly reify   '/Users/ayumuyoshinaga/Desktop/supabaseテキスト/react_supabase/node_modules/lightningcss-win32-arm64-msvc'
21 silly reify ]
22 verbose reify failed optional dependency /Users/ayumuyoshinaga/Desktop/supabaseテキスト/react_supabase/node_modules/lightningcss-linux-x64-musl
23 silly reify mark deleted [
23 silly reify   '/Users/ayumuyoshinaga/Desktop/supabaseテキスト/react_supabase/node_modules/lightningcss-linux-x64-musl'
23 silly reify ]
24 verbose reify failed optional dependency /Users/ayumuyoshinaga/Desktop/supabaseテキスト/react_supabase/node_modules/lightningcss-linux-x64-gnu
25 silly reify mark deleted [
25 silly reify   '/Users/ayumuyoshinaga/Desktop/supabaseテキスト/react_supabase/node_modules/lightningcss-linux-x64-gnu'
25 silly reify ]
26 verbose reify failed optional dependency /Users/ayumuyoshinaga/Desktop/supabaseテキスト/react_supabase/node_modules/lightningcss-linux-arm64-musl
27 silly reify mark deleted [
27 silly reify   '/Users/ayumuyoshinaga/Desktop/supabaseテキスト/react_supabase/node_modules/lightningcss-linux-arm64-musl'
27 silly reify ]
28 verbose reify failed optional dependency /Users/ayumuyoshinaga/Desktop/supabaseテキスト/react_supabase/node_modules/lightningcss-linux-arm64-gnu
29 silly reify mark deleted [
29 silly reify   '/Users/ayumuyoshinaga/Desktop/supabaseテキスト/react_supabase/node_modules/lightningcss-linux-arm64-gnu'
29 silly reify ]
30 verbose reify failed optional dependency /Users/ayumuyoshinaga/Desktop/supabaseテキスト/react_supabase/node_modules/lightningcss-linux-arm-gnueabihf
31 silly reify mark deleted [
31 silly reify   '/Users/ayumuyoshinaga/Desktop/supabaseテキスト/react_supabase/node_modules/lightningcss-linux-arm-gnueabihf'
31 silly reify ]
32 verbose reify failed optional dependency /Users/ayumuyoshinaga/Desktop/supabaseテキスト/react_supabase/node_modules/lightningcss-freebsd-x64
33 silly reify mark deleted [
33 silly reify   '/Users/ayumuyoshinaga/Desktop/supabaseテキスト/react_supabase/node_modules/lightningcss-freebsd-x64'
33 silly reify ]
34 verbose reify failed optional dependency /Users/ayumuyoshinaga/Desktop/supabaseテキスト/react_supabase/node_modules/lightningcss-darwin-x64
35 silly reify mark deleted [
35 silly reify   '/Users/ayumuyoshinaga/Desktop/supabaseテキスト/react_supabase/node_modules/lightningcss-darwin-x64'
35 silly reify ]
36 verbose reify failed optional dependency /Users/ayumuyoshinaga/Desktop/supabaseテキスト/react_supabase/node_modules/lightningcss-android-arm64
37 silly reify mark deleted [
37 silly reify   '/Users/ayumuyoshinaga/Desktop/supabaseテキスト/react_supabase/node_modules/lightningcss-android-arm64'
37 silly reify ]
38 verbose reify failed optional dependency /Users/ayumuyoshinaga/Desktop/supabaseテキスト/react_supabase/node_modules/@tailwindcss/oxide-win32-x64-msvc
39 silly reify mark deleted [
39 silly reify   '/Users/ayumuyoshinaga/Desktop/supabaseテキスト/react_supabase/node_modules/@tailwindcss/oxide-win32-x64-msvc'
39 silly reify ]
40 verbose reify failed optional dependency /Users/ayumuyoshinaga/Desktop/supabaseテキスト/react_supabase/node_modules/@tailwindcss/oxide-win32-arm64-msvc
41 silly reify mark deleted [
41 silly reify   '/Users/ayumuyoshinaga/Desktop/supabaseテキスト/react_supabase/node_modules/@tailwindcss/oxide-win32-arm64-msvc'
41 silly reify ]
42 verbose reify failed optional dependency /Users/ayumuyoshinaga/Desktop/supabaseテキスト/react_supabase/node_modules/@tailwindcss/oxide-linux-x64-musl
43 silly reify mark deleted [
43 silly reify   '/Users/ayumuyoshinaga/Desktop/supabaseテキスト/react_supabase/node_modules/@tailwindcss/oxide-linux-x64-musl'
43 silly reify ]
44 verbose reify failed optional dependency /Users/ayumuyoshinaga/Desktop/supabaseテキスト/react_supabase/node_modules/@tailwindcss/oxide-linux-x64-gnu
45 silly reify mark deleted [
45 silly reify   '/Users/ayumuyoshinaga/Desktop/supabaseテキスト/react_supabase/node_modules/@tailwindcss/oxide-linux-x64-gnu'
45 silly reify ]
46 verbose reify failed optional dependency /Users/ayumuyoshinaga/Desktop/supabaseテキスト/react_supabase/node_modules/@tailwindcss/oxide-linux-arm64-musl
47 silly reify mark deleted [
47 silly reify   '/Users/ayumuyoshinaga/Desktop/supabaseテキスト/react_supabase/node_modules/@tailwindcss/oxide-linux-arm64-musl'
47 silly reify ]
48 verbose reify failed optional dependency /Users/ayumuyoshinaga/Desktop/supabaseテキスト/react_supabase/node_modules/@tailwindcss/oxide-linux-arm64-gnu
49 silly reify mark deleted [
49 silly reify   '/Users/ayumuyoshinaga/Desktop/supabaseテキスト/react_supabase/node_modules/@tailwindcss/oxide-linux-arm64-gnu'
49 silly reify ]
50 verbose reify failed optional dependency /Users/ayumuyoshinaga/Desktop/supabaseテキスト/react_supabase/node_modules/@tailwindcss/oxide-linux-arm-gnueabihf
51 silly reify mark deleted [
51 silly reify   '/Users/ayumuyoshinaga/Desktop/supabaseテキスト/react_supabase/node_modules/@tailwindcss/oxide-linux-arm-gnueabihf'
51 silly reify ]
52 verbose reify failed optional dependency /Users/ayumuyoshinaga/Desktop/supabaseテキスト/react_supabase/node_modules/@tailwindcss/oxide-freebsd-x64
53 silly reify mark deleted [
53 silly reify   '/Users/ayumuyoshinaga/Desktop/supabaseテキスト/react_supabase/node_modules/@tailwindcss/oxide-freebsd-x64'
53 silly reify ]
54 verbose reify failed optional dependency /Users/ayumuyoshinaga/Desktop/supabaseテキスト/react_supabase/node_modules/@tailwindcss/oxide-darwin-x64
55 silly reify mark deleted [
55 silly reify   '/Users/ayumuyoshinaga/Desktop/supabaseテキスト/react_supabase/node_modules/@tailwindcss/oxide-darwin-x64'
55 silly reify ]
56 verbose reify failed optional dependency /Users/ayumuyoshinaga/Desktop/supabaseテキスト/react_supabase/node_modules/@tailwindcss/oxide-android-arm64
57 silly reify mark deleted [
57 silly reify   '/Users/ayumuyoshinaga/Desktop/supabaseテキスト/react_supabase/node_modules/@tailwindcss/oxide-android-arm64'
57 silly reify ]
58 verbose reify failed optional dependency /Users/ayumuyoshinaga/Desktop/supabaseテキスト/react_supabase/node_modules/@rollup/rollup-win32-x64-msvc
59 silly reify mark deleted [
59 silly reify   '/Users/ayumuyoshinaga/Desktop/supabaseテキスト/react_supabase/node_modules/@rollup/rollup-win32-x64-msvc'
59 silly reify ]
60 verbose reify failed optional dependency /Users/ayumuyoshinaga/Desktop/supabaseテキスト/react_supabase/node_modules/@rollup/rollup-win32-x64-gnu
61 silly reify mark deleted [
61 silly reify   '/Users/ayumuyoshinaga/Desktop/supabaseテキスト/react_supabase/node_modules/@rollup/rollup-win32-x64-gnu'
61 silly reify ]
62 verbose reify failed optional dependency /Users/ayumuyoshinaga/Desktop/supabaseテキスト/react_supabase/node_modules/@rollup/rollup-win32-ia32-msvc
63 silly reify mark deleted [
63 silly reify   '/Users/ayumuyoshinaga/Desktop/supabaseテキスト/react_supabase/node_modules/@rollup/rollup-win32-ia32-msvc'
63 silly reify ]
64 verbose reify failed optional dependency /Users/ayumuyoshinaga/Desktop/supabaseテキスト/react_supabase/node_modules/@rollup/rollup-win32-arm64-msvc
65 silly reify mark deleted [
65 silly reify   '/Users/ayumuyoshinaga/Desktop/supabaseテキスト/react_supabase/node_modules/@rollup/rollup-win32-arm64-msvc'
65 silly reify ]
66 verbose reify failed optional dependency /Users/ayumuyoshinaga/Desktop/supabaseテキスト/react_supabase/node_modules/@rollup/rollup-openharmony-arm64
67 silly reify mark deleted [
67 silly reify   '/Users/ayumuyoshinaga/Desktop/supabaseテキスト/react_supabase/node_modules/@rollup/rollup-openharmony-arm64'
67 silly reify ]
68 verbose reify failed optional dependency /Users/ayumuyoshinaga/Desktop/supabaseテキスト/react_supabase/node_modules/@rollup/rollup-openbsd-x64
69 silly reify mark deleted [
69 silly reify   '/Users/ayumuyoshinaga/Desktop/supabaseテキスト/react_supabase/node_modules/@rollup/rollup-openbsd-x64'
69 silly reify ]
70 verbose reify failed optional dependency /Users/ayumuyoshinaga/Desktop/supabaseテキスト/react_supabase/node_modules/@rollup/rollup-linux-x64-musl
71 silly reify mark deleted [
71 silly reify   '/Users/ayumuyoshinaga/Desktop/supabaseテキスト/react_supabase/node_modules/@rollup/rollup-linux-x64-musl'
71 silly reify ]
72 verbose reify failed optional dependency /Users/ayumuyoshinaga/Desktop/supabaseテキスト/react_supabase/node_modules/@rollup/rollup-linux-x64-gnu
73 silly reify mark deleted [
73 silly reify   '/Users/ayumuyoshinaga/Desktop/supabaseテキスト/react_supabase/node_modules/@rollup/rollup-linux-x64-gnu'
73 silly reify ]
74 verbose reify failed optional dependency /Users/ayumuyoshinaga/Desktop/supabaseテキスト/react_supabase/node_modules/@rollup/rollup-linux-s390x-gnu
75 silly reify mark deleted [
75 silly reify   '/Users/ayumuyoshinaga/Desktop/supabaseテキスト/react_supabase/node_modules/@rollup/rollup-linux-s390x-gnu'
75 silly reify ]
76 verbose reify failed optional dependency /Users/ayumuyoshinaga/Desktop/supabaseテキスト/react_supabase/node_modules/@rollup/rollup-linux-riscv64-musl
77 silly reify mark deleted [
77 silly reify   '/Users/ayumuyoshinaga/Desktop/supabaseテキスト/react_supabase/node_modules/@rollup/rollup-linux-riscv64-musl'
77 silly reify ]
78 verbose reify failed optional dependency /Users/ayumuyoshinaga/Desktop/supabaseテキスト/react_supabase/node_modules/@rollup/rollup-linux-riscv64-gnu
79 silly reify mark deleted [
79 silly reify   '/Users/ayumuyoshinaga/Desktop/supabaseテキスト/react_supabase/node_modules/@rollup/rollup-linux-riscv64-gnu'
79 silly reify ]
80 verbose reify failed optional dependency /Users/ayumuyoshinaga/Desktop/supabaseテキスト/react_supabase/node_modules/@rollup/rollup-linux-ppc64-musl
81 silly reify mark deleted [
81 silly reify   '/Users/ayumuyoshinaga/Desktop/supabaseテキスト/react_supabase/node_modules/@rollup/rollup-linux-ppc64-musl'
81 silly reify ]
82 verbose reify failed optional dependency /Users/ayumuyoshinaga/Desktop/supabaseテキスト/react_supabase/node_modules/@rollup/rollup-linux-ppc64-gnu
83 silly reify mark deleted [
83 silly reify   '/Users/ayumuyoshinaga/Desktop/supabaseテキスト/react_supabase/node_modules/@rollup/rollup-linux-ppc64-gnu'
83 silly reify ]
84 verbose reify failed optional dependency /Users/ayumuyoshinaga/Desktop/supabaseテキスト/react_supabase/node_modules/@rollup/rollup-linux-loong64-musl
85 silly reify mark deleted [
85 silly reify   '/Users/ayumuyoshinaga/Desktop/supabaseテキスト/react_supabase/node_modules/@rollup/rollup-linux-loong64-musl'
85 silly reify ]
86 verbose reify failed optional dependency /Users/ayumuyoshinaga/Desktop/supabaseテキスト/react_supabase/node_modules/@rollup/rollup-linux-loong64-gnu
87 silly reify mark deleted [
87 silly reify   '/Users/ayumuyoshinaga/Desktop/supabaseテキスト/react_supabase/node_modules/@rollup/rollup-linux-loong64-gnu'
87 silly reify ]
88 verbose reify failed optional dependency /Users/ayumuyoshinaga/Desktop/supabaseテキスト/react_supabase/node_modules/@rollup/rollup-linux-arm64-musl
89 silly reify mark deleted [
89 silly reify   '/Users/ayumuyoshinaga/Desktop/supabaseテキスト/react_supabase/node_modules/@rollup/rollup-linux-arm64-musl'
89 silly reify ]
90 verbose reify failed optional dependency /Users/ayumuyoshinaga/Desktop/supabaseテキスト/react_supabase/node_modules/@rollup/rollup-linux-arm64-gnu
91 silly reify mark deleted [
91 silly reify   '/Users/ayumuyoshinaga/Desktop/supabaseテキスト/react_supabase/node_modules/@rollup/rollup-linux-arm64-gnu'
91 silly reify ]
92 verbose reify failed optional dependency /Users/ayumuyoshinaga/Desktop/supabaseテキスト/react_supabase/node_modules/@rollup/rollup-linux-arm-musleabihf
93 silly reify mark deleted [
93 silly reify   '/Users/ayumuyoshinaga/Desktop/supabaseテキスト/react_supabase/node_modules/@rollup/rollup-linux-arm-musleabihf'
93 silly reify ]
94 verbose reify failed optional dependency /Users/ayumuyoshinaga/Desktop/supabaseテキスト/react_supabase/node_modules/@rollup/rollup-linux-arm-gnueabihf
95 silly reify mark deleted [
95 silly reify   '/Users/ayumuyoshinaga/Desktop/supabaseテキスト/react_supabase/node_modules/@rollup/rollup-linux-arm-gnueabihf'
95 silly reify ]
96 verbose reify failed optional dependency /Users/ayumuyoshinaga/Desktop/supabaseテキスト/react_supabase/node_modules/@rollup/rollup-freebsd-x64
97 silly reify mark deleted [
97 silly reify   '/Users/ayumuyoshinaga/Desktop/supabaseテキスト/react_supabase/node_modules/@rollup/rollup-freebsd-x64'
97 silly reify ]
98 verbose reify failed optional dependency /Users/ayumuyoshinaga/Desktop/supabaseテキスト/react_supabase/node_modules/@rollup/rollup-freebsd-arm64
99 silly reify mark deleted [
99 silly reify   '/Users/ayumuyoshinaga/Desktop/supabaseテキスト/react_supabase/node_modules/@rollup/rollup-freebsd-arm64'
99 silly reify ]
100 verbose reify failed optional dependency /Users/ayumuyoshinaga/Desktop/supabaseテキスト/react_supabase/node_modules/@rollup/rollup-darwin-x64
101 silly reify mark deleted [
101 silly reify   '/Users/ayumuyoshinaga/Desktop/supabaseテキスト/react_supabase/node_modules/@rollup/rollup-darwin-x64'
101 silly reify ]
102 verbose reify failed optional dependency /Users/ayumuyoshinaga/Desktop/supabaseテキスト/react_supabase/node_modules/@rollup/rollup-android-arm64
103 silly reify mark deleted [
103 silly reify   '/Users/ayumuyoshinaga/Desktop/supabaseテキスト/react_supabase/node_modules/@rollup/rollup-android-arm64'
103 silly reify ]
104 verbose reify failed optional dependency /Users/ayumuyoshinaga/Desktop/supabaseテキスト/react_supabase/node_modules/@rollup/rollup-android-arm-eabi
105 silly reify mark deleted [
105 silly reify   '/Users/ayumuyoshinaga/Desktop/supabaseテキスト/react_supabase/node_modules/@rollup/rollup-android-arm-eabi'
105 silly reify ]
106 verbose reify failed optional dependency /Users/ayumuyoshinaga/Desktop/supabaseテキスト/react_supabase/node_modules/@esbuild/win32-x64
107 silly reify mark deleted [
107 silly reify   '/Users/ayumuyoshinaga/Desktop/supabaseテキスト/react_supabase/node_modules/@esbuild/win32-x64'
107 silly reify ]
108 verbose reify failed optional dependency /Users/ayumuyoshinaga/Desktop/supabaseテキスト/react_supabase/node_modules/@esbuild/win32-ia32
109 silly reify mark deleted [
109 silly reify   '/Users/ayumuyoshinaga/Desktop/supabaseテキスト/react_supabase/node_modules/@esbuild/win32-ia32'
109 silly reify ]
110 verbose reify failed optional dependency /Users/ayumuyoshinaga/Desktop/supabaseテキスト/react_supabase/node_modules/@esbuild/win32-arm64
111 silly reify mark deleted [
111 silly reify   '/Users/ayumuyoshinaga/Desktop/supabaseテキスト/react_supabase/node_modules/@esbuild/win32-arm64'
111 silly reify ]
112 verbose reify failed optional dependency /Users/ayumuyoshinaga/Desktop/supabaseテキスト/react_supabase/node_modules/@esbuild/sunos-x64
113 silly reify mark deleted [
113 silly reify   '/Users/ayumuyoshinaga/Desktop/supabaseテキスト/react_supabase/node_modules/@esbuild/sunos-x64'
113 silly reify ]
114 verbose reify failed optional dependency /Users/ayumuyoshinaga/Desktop/supabaseテキスト/react_supabase/node_modules/@esbuild/openbsd-x64
115 silly reify mark deleted [
115 silly reify   '/Users/ayumuyoshinaga/Desktop/supabaseテキスト/react_supabase/node_modules/@esbuild/openbsd-x64'
115 silly reify ]
116 verbose reify failed optional dependency /Users/ayumuyoshinaga/Desktop/supabaseテキスト/react_supabase/node_modules/@esbuild/netbsd-x64
117 silly reify mark deleted [
117 silly reify   '/Users/ayumuyoshinaga/Desktop/supabaseテキスト/react_supabase/node_modules/@esbuild/netbsd-x64'
117 silly reify ]
118 verbose reify failed optional dependency /Users/ayumuyoshinaga/Desktop/supabaseテキスト/react_supabase/node_modules/@esbuild/linux-x64
119 silly reify mark deleted [
119 silly reify   '/Users/ayumuyoshinaga/Desktop/supabaseテキスト/react_supabase/node_modules/@esbuild/linux-x64'
119 silly reify ]
120 verbose reify failed optional dependency /Users/ayumuyoshinaga/Desktop/supabaseテキスト/react_supabase/node_modules/@esbuild/linux-s390x
121 silly reify mark deleted [
121 silly reify   '/Users/ayumuyoshinaga/Desktop/supabaseテキスト/react_supabase/node_modules/@esbuild/linux-s390x'
121 silly reify ]
122 verbose reify failed optional dependency /Users/ayumuyoshinaga/Desktop/supabaseテキスト/react_supabase/node_modules/@esbuild/linux-riscv64
123 silly reify mark deleted [
123 silly reify   '/Users/ayumuyoshinaga/Desktop/supabaseテキスト/react_supabase/node_modules/@esbuild/linux-riscv64'
123 silly reify ]
124 verbose reify failed optional dependency /Users/ayumuyoshinaga/Desktop/supabaseテキスト/react_supabase/node_modules/@esbuild/linux-ppc64
125 silly reify mark deleted [
125 silly reify   '/Users/ayumuyoshinaga/Desktop/supabaseテキスト/react_supabase/node_modules/@esbuild/linux-ppc64'
125 silly reify ]
126 verbose reify failed optional dependency /Users/ayumuyoshinaga/Desktop/supabaseテキスト/react_supabase/node_modules/@esbuild/linux-mips64el
127 silly reify mark deleted [
127 silly reify   '/Users/ayumuyoshinaga/Desktop/supabaseテキスト/react_supabase/node_modules/@esbuild/linux-mips64el'
127 silly reify ]
128 verbose reify failed optional dependency /Users/ayumuyoshinaga/Desktop/supabaseテキスト/react_supabase/node_modules/@esbuild/linux-loong64
129 silly reify mark deleted [
129 silly reify   '/Users/ayumuyoshinaga/Desktop/supabaseテキスト/react_supabase/node_modules/@esbuild/linux-loong64'
129 silly reify ]
130 verbose reify failed optional dependency /Users/ayumuyoshinaga/Desktop/supabaseテキスト/react_supabase/node_modules/@esbuild/linux-ia32
131 silly reify mark deleted [
131 silly reify   '/Users/ayumuyoshinaga/Desktop/supabaseテキスト/react_supabase/node_modules/@esbuild/linux-ia32'
131 silly reify ]
132 verbose reify failed optional dependency /Users/ayumuyoshinaga/Desktop/supabaseテキスト/react_supabase/node_modules/@esbuild/linux-arm64
133 silly reify mark deleted [
133 silly reify   '/Users/ayumuyoshinaga/Desktop/supabaseテキスト/react_supabase/node_modules/@esbuild/linux-arm64'
133 silly reify ]
134 verbose reify failed optional dependency /Users/ayumuyoshinaga/Desktop/supabaseテキスト/react_supabase/node_modules/@esbuild/linux-arm
135 silly reify mark deleted [
135 silly reify   '/Users/ayumuyoshinaga/Desktop/supabaseテキスト/react_supabase/node_modules/@esbuild/linux-arm'
135 silly reify ]
136 verbose reify failed optional dependency /Users/ayumuyoshinaga/Desktop/supabaseテキスト/react_supabase/node_modules/@esbuild/freebsd-x64
137 silly reify mark deleted [
137 silly reify   '/Users/ayumuyoshinaga/Desktop/supabaseテキスト/react_supabase/node_modules/@esbuild/freebsd-x64'
137 silly reify ]
138 verbose reify failed optional dependency /Users/ayumuyoshinaga/Desktop/supabaseテキスト/react_supabase/node_modules/@esbuild/freebsd-arm64
139 silly reify mark deleted [
139 silly reify   '/Users/ayumuyoshinaga/Desktop/supabaseテキスト/react_supabase/node_modules/@esbuild/freebsd-arm64'
139 silly reify ]
140 verbose reify failed optional dependency /Users/ayumuyoshinaga/Desktop/supabaseテキスト/react_supabase/node_modules/@esbuild/darwin-x64
141 silly reify mark deleted [
141 silly reify   '/Users/ayumuyoshinaga/Desktop/supabaseテキスト/react_supabase/node_modules/@esbuild/darwin-x64'
141 silly reify ]
142 verbose reify failed optional dependency /Users/ayumuyoshinaga/Desktop/supabaseテキスト/react_supabase/node_modules/@esbuild/android-x64
143 silly reify mark deleted [
143 silly reify   '/Users/ayumuyoshinaga/Desktop/supabaseテキスト/react_supabase/node_modules/@esbuild/android-x64'
143 silly reify ]
144 verbose reify failed optional dependency /Users/ayumuyoshinaga/Desktop/supabaseテキスト/react_supabase/node_modules/@esbuild/android-arm64
145 silly reify mark deleted [
145 silly reify   '/Users/ayumuyoshinaga/Desktop/supabaseテキスト/react_supabase/node_modules/@esbuild/android-arm64'
145 silly reify ]
146 verbose reify failed optional dependency /Users/ayumuyoshinaga/Desktop/supabaseテキスト/react_supabase/node_modules/@esbuild/android-arm
147 silly reify mark deleted [
147 silly reify   '/Users/ayumuyoshinaga/Desktop/supabaseテキスト/react_supabase/node_modules/@esbuild/android-arm'
147 silly reify ]
148 verbose reify failed optional dependency /Users/ayumuyoshinaga/Desktop/supabaseテキスト/react_supabase/node_modules/@esbuild/aix-ppc64
149 silly reify mark deleted [
149 silly reify   '/Users/ayumuyoshinaga/Desktop/supabaseテキスト/react_supabase/node_modules/@esbuild/aix-ppc64'
149 silly reify ]
150 silly tarball no local data for yallist@https://registry.npmjs.org/yallist/-/yallist-3.1.1.tgz. Extracting by manifest.
151 silly tarball no local data for vite@https://registry.npmjs.org/vite/-/vite-5.4.21.tgz. Extracting by manifest.
152 silly tarball no local data for undici-types@https://registry.npmjs.org/undici-types/-/undici-types-7.16.0.tgz. Extracting by manifest.
153 silly tarball no local data for ws@https://registry.npmjs.org/ws/-/ws-8.19.0.tgz. Extracting by manifest.
154 silly tarball no local data for update-browserslist-db@https://registry.npmjs.org/update-browserslist-db/-/update-browserslist-db-1.2.3.tgz. Extracting by manifest.
155 silly tarball no local data for typescript@https://registry.npmjs.org/typescript/-/typescript-5.9.3.tgz. Extracting by manifest.
156 silly tarball no local data for tslib@https://registry.npmjs.org/tslib/-/tslib-2.8.1.tgz. Extracting by manifest.
157 silly tarball no local data for tapable@https://registry.npmjs.org/tapable/-/tapable-2.3.0.tgz. Extracting by manifest.
158 silly tarball no local data for source-map-js@https://registry.npmjs.org/source-map-js/-/source-map-js-1.2.1.tgz. Extracting by manifest.
159 silly tarball no local data for tailwindcss@https://registry.npmjs.org/tailwindcss/-/tailwindcss-4.1.18.tgz. Extracting by manifest.
160 silly tarball no local data for semver@https://registry.npmjs.org/semver/-/semver-6.3.1.tgz. Extracting by manifest.
161 silly tarball no local data for scheduler@https://registry.npmjs.org/scheduler/-/scheduler-0.23.2.tgz. Extracting by manifest.
162 silly tarball no local data for rollup@https://registry.npmjs.org/rollup/-/rollup-4.57.1.tgz. Extracting by manifest.
163 silly tarball no local data for react@https://registry.npmjs.org/react/-/react-18.3.1.tgz. Extracting by manifest.
164 silly tarball no local data for react-refresh@https://registry.npmjs.org/react-refresh/-/react-refresh-0.17.0.tgz. Extracting by manifest.
165 silly tarball no local data for postcss@https://registry.npmjs.org/postcss/-/postcss-8.5.6.tgz. Extracting by manifest.
166 silly tarball no local data for react-dom@https://registry.npmjs.org/react-dom/-/react-dom-18.3.1.tgz. Extracting by manifest.
167 silly tarball no local data for node-releases@https://registry.npmjs.org/node-releases/-/node-releases-2.0.27.tgz. Extracting by manifest.
168 silly tarball no local data for nanoid@https://registry.npmjs.org/nanoid/-/nanoid-3.3.11.tgz. Extracting by manifest.
169 silly tarball no local data for picocolors@https://registry.npmjs.org/picocolors/-/picocolors-1.1.1.tgz. Extracting by manifest.
170 silly tarball no local data for ms@https://registry.npmjs.org/ms/-/ms-2.1.3.tgz. Extracting by manifest.
171 silly tarball no local data for magic-string@https://registry.npmjs.org/magic-string/-/magic-string-0.30.21.tgz. Extracting by manifest.
172 silly tarball no local data for loose-envify@https://registry.npmjs.org/loose-envify/-/loose-envify-1.4.0.tgz. Extracting by manifest.
173 silly tarball no local data for lightningcss@https://registry.npmjs.org/lightningcss/-/lightningcss-1.30.2.tgz. Extracting by manifest.
174 silly tarball no local data for lru-cache@https://registry.npmjs.org/lru-cache/-/lru-cache-5.1.1.tgz. Extracting by manifest.
175 silly tarball no local data for lightningcss-darwin-arm64@https://registry.npmjs.org/lightningcss-darwin-arm64/-/lightningcss-darwin-arm64-1.30.2.tgz. Extracting by manifest.
176 silly tarball no local data for json5@https://registry.npmjs.org/json5/-/json5-2.2.3.tgz. Extracting by manifest.
177 silly tarball no local data for js-tokens@https://registry.npmjs.org/js-tokens/-/js-tokens-4.0.0.tgz. Extracting by manifest.
178 silly tarball no local data for jsesc@https://registry.npmjs.org/jsesc/-/jsesc-3.1.0.tgz. Extracting by manifest.
179 silly tarball no local data for jiti@https://registry.npmjs.org/jiti/-/jiti-2.6.1.tgz. Extracting by manifest.
180 silly tarball no local data for iceberg-js@https://registry.npmjs.org/iceberg-js/-/iceberg-js-0.8.1.tgz. Extracting by manifest.
181 silly tarball no local data for graceful-fs@https://registry.npmjs.org/graceful-fs/-/graceful-fs-4.2.11.tgz. Extracting by manifest.
182 silly tarball no local data for fsevents@https://registry.npmjs.org/fsevents/-/fsevents-2.3.3.tgz. Extracting by manifest.
183 silly tarball no local data for escalade@https://registry.npmjs.org/escalade/-/escalade-3.2.0.tgz. Extracting by manifest.
184 silly tarball no local data for gensync@https://registry.npmjs.org/gensync/-/gensync-1.0.0-beta.2.tgz. Extracting by manifest.
185 silly tarball no local data for electron-to-chromium@https://registry.npmjs.org/electron-to-chromium/-/electron-to-chromium-1.5.283.tgz. Extracting by manifest.
186 silly tarball no local data for enhanced-resolve@https://registry.npmjs.org/enhanced-resolve/-/enhanced-resolve-5.18.4.tgz. Extracting by manifest.
187 silly tarball no local data for detect-libc@https://registry.npmjs.org/detect-libc/-/detect-libc-2.1.2.tgz. Extracting by manifest.
188 silly tarball no local data for esbuild@https://registry.npmjs.org/esbuild/-/esbuild-0.21.5.tgz. Extracting by manifest.
189 silly tarball no local data for debug@https://registry.npmjs.org/debug/-/debug-4.4.3.tgz. Extracting by manifest.
190 silly tarball no local data for csstype@https://registry.npmjs.org/csstype/-/csstype-3.2.3.tgz. Extracting by manifest.
191 silly tarball no local data for caniuse-lite@https://registry.npmjs.org/caniuse-lite/-/caniuse-lite-1.0.30001767.tgz. Extracting by manifest.
192 silly tarball no local data for convert-source-map@https://registry.npmjs.org/convert-source-map/-/convert-source-map-2.0.0.tgz. Extracting by manifest.
193 silly tarball no local data for browserslist@https://registry.npmjs.org/browserslist/-/browserslist-4.28.1.tgz. Extracting by manifest.
194 silly tarball no local data for baseline-browser-mapping@https://registry.npmjs.org/baseline-browser-mapping/-/baseline-browser-mapping-2.9.19.tgz. Extracting by manifest.
195 silly tarball no local data for @vitejs/plugin-react@https://registry.npmjs.org/@vitejs/plugin-react/-/plugin-react-4.7.0.tgz. Extracting by manifest.
196 silly tarball no local data for @types/ws@https://registry.npmjs.org/@types/ws/-/ws-8.18.1.tgz. Extracting by manifest.
197 silly tarball no local data for @types/react@https://registry.npmjs.org/@types/react/-/react-18.3.27.tgz. Extracting by manifest.
198 silly tarball no local data for @types/react-dom@https://registry.npmjs.org/@types/react-dom/-/react-dom-18.3.7.tgz. Extracting by manifest.
199 silly tarball no local data for @types/prop-types@https://registry.npmjs.org/@types/prop-types/-/prop-types-15.7.15.tgz. Extracting by manifest.
200 silly tarball no local data for @types/estree@https://registry.npmjs.org/@types/estree/-/estree-1.0.8.tgz. Extracting by manifest.
201 silly tarball no local data for @types/phoenix@https://registry.npmjs.org/@types/phoenix/-/phoenix-1.6.7.tgz. Extracting by manifest.
202 silly tarball no local data for @types/babel__traverse@https://registry.npmjs.org/@types/babel__traverse/-/babel__traverse-7.28.0.tgz. Extracting by manifest.
203 silly tarball no local data for @types/node@https://registry.npmjs.org/@types/node/-/node-25.2.0.tgz. Extracting by manifest.
204 silly tarball no local data for @types/babel__template@https://registry.npmjs.org/@types/babel__template/-/babel__template-7.4.4.tgz. Extracting by manifest.
205 silly tarball no local data for @types/babel__generator@https://registry.npmjs.org/@types/babel__generator/-/babel__generator-7.27.0.tgz. Extracting by manifest.
206 silly tarball no local data for @tailwindcss/vite@https://registry.npmjs.org/@tailwindcss/vite/-/vite-4.1.18.tgz. Extracting by manifest.
207 silly tarball no local data for @types/babel__core@https://registry.npmjs.org/@types/babel__core/-/babel__core-7.20.5.tgz. Extracting by manifest.
208 silly tarball no local data for @tailwindcss/oxide@https://registry.npmjs.org/@tailwindcss/oxide/-/oxide-4.1.18.tgz. Extracting by manifest.
209 silly tarball no local data for @tailwindcss/node@https://registry.npmjs.org/@tailwindcss/node/-/node-4.1.18.tgz. Extracting by manifest.
210 silly tarball no local data for @tailwindcss/oxide-darwin-arm64@https://registry.npmjs.org/@tailwindcss/oxide-darwin-arm64/-/oxide-darwin-arm64-4.1.18.tgz. Extracting by manifest.
211 silly tarball no local data for @supabase/supabase-js@https://registry.npmjs.org/@supabase/supabase-js/-/supabase-js-2.93.3.tgz. Extracting by manifest.
212 silly tarball no local data for @supabase/storage-js@https://registry.npmjs.org/@supabase/storage-js/-/storage-js-2.93.3.tgz. Extracting by manifest.
213 silly tarball no local data for @supabase/realtime-js@https://registry.npmjs.org/@supabase/realtime-js/-/realtime-js-2.93.3.tgz. Extracting by manifest.
214 silly tarball no local data for @supabase/functions-js@https://registry.npmjs.org/@supabase/functions-js/-/functions-js-2.93.3.tgz. Extracting by manifest.
215 silly tarball no local data for @supabase/auth-js@https://registry.npmjs.org/@supabase/auth-js/-/auth-js-2.93.3.tgz. Extracting by manifest.
216 silly tarball no local data for @supabase/postgrest-js@https://registry.npmjs.org/@supabase/postgrest-js/-/postgrest-js-2.93.3.tgz. Extracting by manifest.
217 silly tarball no local data for @rolldown/pluginutils@https://registry.npmjs.org/@rolldown/pluginutils/-/pluginutils-1.0.0-beta.27.tgz. Extracting by manifest.
218 silly tarball no local data for @rollup/rollup-darwin-arm64@https://registry.npmjs.org/@rollup/rollup-darwin-arm64/-/rollup-darwin-arm64-4.57.1.tgz. Extracting by manifest.
219 silly tarball no local data for @jridgewell/trace-mapping@https://registry.npmjs.org/@jridgewell/trace-mapping/-/trace-mapping-0.3.31.tgz. Extracting by manifest.
220 silly tarball no local data for @jridgewell/remapping@https://registry.npmjs.org/@jridgewell/remapping/-/remapping-2.3.5.tgz. Extracting by manifest.
221 silly tarball no local data for @jridgewell/resolve-uri@https://registry.npmjs.org/@jridgewell/resolve-uri/-/resolve-uri-3.1.2.tgz. Extracting by manifest.
222 silly tarball no local data for @jridgewell/sourcemap-codec@https://registry.npmjs.org/@jridgewell/sourcemap-codec/-/sourcemap-codec-1.5.5.tgz. Extracting by manifest.
223 silly tarball no local data for @jridgewell/gen-mapping@https://registry.npmjs.org/@jridgewell/gen-mapping/-/gen-mapping-0.3.13.tgz. Extracting by manifest.
224 silly tarball no local data for @esbuild/darwin-arm64@https://registry.npmjs.org/@esbuild/darwin-arm64/-/darwin-arm64-0.21.5.tgz. Extracting by manifest.
225 silly tarball no local data for @babel/types@https://registry.npmjs.org/@babel/types/-/types-7.29.0.tgz. Extracting by manifest.
226 silly tarball no local data for @babel/traverse@https://registry.npmjs.org/@babel/traverse/-/traverse-7.29.0.tgz. Extracting by manifest.
227 silly tarball no local data for @babel/plugin-transform-react-jsx-self@https://registry.npmjs.org/@babel/plugin-transform-react-jsx-self/-/plugin-transform-react-jsx-self-7.27.1.tgz. Extracting by manifest.
228 silly tarball no local data for @babel/plugin-transform-react-jsx-source@https://registry.npmjs.org/@babel/plugin-transform-react-jsx-source/-/plugin-transform-react-jsx-source-7.27.1.tgz. Extracting by manifest.
229 silly tarball no local data for @babel/template@https://registry.npmjs.org/@babel/template/-/template-7.28.6.tgz. Extracting by manifest.
230 silly tarball no local data for @babel/parser@https://registry.npmjs.org/@babel/parser/-/parser-7.29.0.tgz. Extracting by manifest.
231 silly tarball no local data for @babel/helpers@https://registry.npmjs.org/@babel/helpers/-/helpers-7.28.6.tgz. Extracting by manifest.
232 silly tarball no local data for @babel/helper-validator-identifier@https://registry.npmjs.org/@babel/helper-validator-identifier/-/helper-validator-identifier-7.28.5.tgz. Extracting by manifest.
233 silly tarball no local data for @babel/helper-validator-option@https://registry.npmjs.org/@babel/helper-validator-option/-/helper-validator-option-7.27.1.tgz. Extracting by manifest.
234 silly tarball no local data for @babel/helper-plugin-utils@https://registry.npmjs.org/@babel/helper-plugin-utils/-/helper-plugin-utils-7.28.6.tgz. Extracting by manifest.
235 silly tarball no local data for @babel/helper-string-parser@https://registry.npmjs.org/@babel/helper-string-parser/-/helper-string-parser-7.27.1.tgz. Extracting by manifest.
236 silly tarball no local data for @babel/helper-module-transforms@https://registry.npmjs.org/@babel/helper-module-transforms/-/helper-module-transforms-7.28.6.tgz. Extracting by manifest.
237 silly tarball no local data for @babel/helper-module-imports@https://registry.npmjs.org/@babel/helper-module-imports/-/helper-module-imports-7.28.6.tgz. Extracting by manifest.
238 silly tarball no local data for @babel/helper-globals@https://registry.npmjs.org/@babel/helper-globals/-/helper-globals-7.28.0.tgz. Extracting by manifest.
239 silly tarball no local data for @babel/helper-compilation-targets@https://registry.npmjs.org/@babel/helper-compilation-targets/-/helper-compilation-targets-7.28.6.tgz. Extracting by manifest.
240 silly tarball no local data for @babel/core@https://registry.npmjs.org/@babel/core/-/core-7.29.0.tgz. Extracting by manifest.
241 silly tarball no local data for @babel/generator@https://registry.npmjs.org/@babel/generator/-/generator-7.29.0.tgz. Extracting by manifest.
242 silly tarball no local data for @babel/compat-data@https://registry.npmjs.org/@babel/compat-data/-/compat-data-7.29.0.tgz. Extracting by manifest.
243 silly tarball no local data for @babel/code-frame@https://registry.npmjs.org/@babel/code-frame/-/code-frame-7.29.0.tgz. Extracting by manifest.
244 http fetch POST 200 https://registry.npmjs.org/-/npm/v1/security/advisories/bulk 355ms
245 silly audit report {
245 silly audit report   esbuild: [
245 silly audit report     {
245 silly audit report       id: 1102341,
245 silly audit report       url: 'https://github.com/advisories/GHSA-67mh-4wv8-2f99',
245 silly audit report       title: 'esbuild enables any website to send any requests to the development server and read the response',
245 silly audit report       severity: 'moderate',
245 silly audit report       vulnerable_versions: '<=0.24.2',
245 silly audit report       cwe: [Array],
245 silly audit report       cvss: [Object]
245 silly audit report     }
245 silly audit report   ]
245 silly audit report }
246 silly packumentCache corgi:https://registry.npmjs.org/esbuild cache-miss
247 http fetch GET 200 https://registry.npmjs.org/yallist/-/yallist-3.1.1.tgz 342ms (cache miss)
248 http fetch GET 200 https://registry.npmjs.org/update-browserslist-db/-/update-browserslist-db-1.2.3.tgz 340ms (cache miss)
249 http fetch GET 200 https://registry.npmjs.org/picocolors/-/picocolors-1.1.1.tgz 336ms (cache miss)
250 http fetch GET 200 https://registry.npmjs.org/ms/-/ms-2.1.3.tgz 336ms (cache miss)
251 http fetch GET 200 https://registry.npmjs.org/node-releases/-/node-releases-2.0.27.tgz 337ms (cache miss)
252 http fetch GET 200 https://registry.npmjs.org/jsesc/-/jsesc-3.1.0.tgz 338ms (cache miss)
253 http fetch GET 200 https://registry.npmjs.org/escalade/-/escalade-3.2.0.tgz 343ms (cache miss)
254 http fetch GET 200 https://registry.npmjs.org/loose-envify/-/loose-envify-1.4.0.tgz 351ms (cache miss)
255 http fetch GET 200 https://registry.npmjs.org/fsevents/-/fsevents-2.3.3.tgz 348ms (cache miss)
256 http fetch GET 200 https://registry.npmjs.org/lru-cache/-/lru-cache-5.1.1.tgz 356ms (cache miss)
257 http fetch GET 200 https://registry.npmjs.org/gensync/-/gensync-1.0.0-beta.2.tgz 353ms (cache miss)
258 http fetch GET 200 https://registry.npmjs.org/js-tokens/-/js-tokens-4.0.0.tgz 359ms (cache miss)
259 http fetch GET 200 https://registry.npmjs.org/detect-libc/-/detect-libc-2.1.2.tgz 357ms (cache miss)
260 http fetch GET 200 https://registry.npmjs.org/convert-source-map/-/convert-source-map-2.0.0.tgz 354ms (cache miss)
261 http fetch GET 200 https://registry.npmjs.org/react-refresh/-/react-refresh-0.17.0.tgz 368ms (cache miss)
262 http fetch GET 200 https://registry.npmjs.org/@vitejs/plugin-react/-/plugin-react-4.7.0.tgz 355ms (cache miss)
263 http fetch GET 200 https://registry.npmjs.org/debug/-/debug-4.4.3.tgz 359ms (cache miss)
264 http fetch GET 200 https://registry.npmjs.org/browserslist/-/browserslist-4.28.1.tgz 360ms (cache miss)
265 http fetch GET 200 https://registry.npmjs.org/@types/ws/-/ws-8.18.1.tgz 364ms (cache miss)
266 http fetch GET 200 https://registry.npmjs.org/@types/react-dom/-/react-dom-18.3.7.tgz 366ms (cache miss)
267 http fetch GET 200 https://registry.npmjs.org/graceful-fs/-/graceful-fs-4.2.11.tgz 375ms (cache miss)
268 http fetch GET 200 https://registry.npmjs.org/@types/prop-types/-/prop-types-15.7.15.tgz 368ms (cache miss)
269 http fetch GET 200 https://registry.npmjs.org/@types/phoenix/-/phoenix-1.6.7.tgz 369ms (cache miss)
270 http fetch GET 200 https://registry.npmjs.org/@types/estree/-/estree-1.0.8.tgz 373ms (cache miss)
271 http fetch GET 200 https://registry.npmjs.org/semver/-/semver-6.3.1.tgz 392ms (cache miss)
272 http fetch GET 200 https://registry.npmjs.org/nanoid/-/nanoid-3.3.11.tgz 393ms (cache miss)
273 http fetch GET 200 https://registry.npmjs.org/@types/babel__template/-/babel__template-7.4.4.tgz 373ms (cache miss)
274 http fetch GET 200 https://registry.npmjs.org/@types/babel__generator/-/babel__generator-7.27.0.tgz 379ms (cache miss)
275 http fetch GET 200 https://registry.npmjs.org/@tailwindcss/oxide/-/oxide-4.1.18.tgz 375ms (cache miss)
276 http fetch GET 200 https://registry.npmjs.org/@types/babel__core/-/babel__core-7.20.5.tgz 378ms (cache miss)
277 http fetch GET 200 https://registry.npmjs.org/tslib/-/tslib-2.8.1.tgz 411ms (cache miss)
278 http fetch GET 200 https://registry.npmjs.org/@types/babel__traverse/-/babel__traverse-7.28.0.tgz 390ms (cache miss)
279 http fetch GET 200 https://registry.npmjs.org/scheduler/-/scheduler-0.23.2.tgz 415ms (cache miss)
280 http fetch GET 200 https://registry.npmjs.org/@tailwindcss/node/-/node-4.1.18.tgz 386ms (cache miss)
281 http fetch GET 200 https://registry.npmjs.org/@rolldown/pluginutils/-/pluginutils-1.0.0-beta.27.tgz 382ms (cache miss)
282 http fetch GET 200 https://registry.npmjs.org/tapable/-/tapable-2.3.0.tgz 427ms (cache miss)
283 http fetch GET 200 https://registry.npmjs.org/@jridgewell/remapping/-/remapping-2.3.5.tgz 389ms (cache miss)
284 http fetch GET 200 https://registry.npmjs.org/magic-string/-/magic-string-0.30.21.tgz 435ms (cache miss)
285 http fetch GET 200 https://registry.npmjs.org/@jridgewell/resolve-uri/-/resolve-uri-3.1.2.tgz 398ms (cache miss)
286 http fetch GET 200 https://registry.npmjs.org/@babel/plugin-transform-react-jsx-source/-/plugin-transform-react-jsx-source-7.27.1.tgz 411ms (cache miss)
287 http fetch GET 200 https://registry.npmjs.org/@babel/plugin-transform-react-jsx-self/-/plugin-transform-react-jsx-self-7.27.1.tgz 421ms (cache miss)
288 http fetch GET 200 https://registry.npmjs.org/electron-to-chromium/-/electron-to-chromium-1.5.283.tgz 461ms (cache miss)
289 http fetch GET 200 https://registry.npmjs.org/iceberg-js/-/iceberg-js-0.8.1.tgz 467ms (cache miss)
290 http fetch GET 200 https://registry.npmjs.org/esbuild/-/esbuild-0.21.5.tgz 464ms (cache miss)
291 http fetch GET 200 https://registry.npmjs.org/@babel/helper-validator-identifier/-/helper-validator-identifier-7.28.5.tgz 423ms (cache miss)
292 http fetch GET 200 https://registry.npmjs.org/baseline-browser-mapping/-/baseline-browser-mapping-2.9.19.tgz 467ms (cache miss)
293 http fetch GET 200 https://registry.npmjs.org/ws/-/ws-8.19.0.tgz 486ms (cache miss)
294 http fetch GET 200 https://registry.npmjs.org/@babel/helper-string-parser/-/helper-string-parser-7.27.1.tgz 426ms (cache miss)
295 http fetch GET 200 https://registry.npmjs.org/@babel/helper-validator-option/-/helper-validator-option-7.27.1.tgz 428ms (cache miss)
296 http fetch GET 200 https://registry.npmjs.org/@babel/helper-plugin-utils/-/helper-plugin-utils-7.28.6.tgz 428ms (cache miss)
297 http fetch GET 200 https://registry.npmjs.org/lightningcss/-/lightningcss-1.30.2.tgz 480ms (cache miss)
298 http fetch GET 200 https://registry.npmjs.org/@babel/helper-module-imports/-/helper-module-imports-7.28.6.tgz 427ms (cache miss)
299 http fetch GET 200 https://registry.npmjs.org/@babel/template/-/template-7.28.6.tgz 441ms (cache miss)
300 http fetch GET 200 https://registry.npmjs.org/@babel/helper-globals/-/helper-globals-7.28.0.tgz 432ms (cache miss)
301 http fetch GET 200 https://registry.npmjs.org/source-map-js/-/source-map-js-1.2.1.tgz 496ms (cache miss)
302 http fetch GET 200 https://registry.npmjs.org/@types/react/-/react-18.3.27.tgz 482ms (cache miss)
303 http fetch GET 200 https://registry.npmjs.org/@jridgewell/sourcemap-codec/-/sourcemap-codec-1.5.5.tgz 458ms (cache miss)
304 http fetch GET 200 https://registry.npmjs.org/@babel/compat-data/-/compat-data-7.29.0.tgz 442ms (cache miss)
305 http fetch GET 200 https://registry.npmjs.org/@babel/helper-compilation-targets/-/helper-compilation-targets-7.28.6.tgz 456ms (cache miss)
306 http fetch GET 200 https://registry.npmjs.org/@babel/code-frame/-/code-frame-7.29.0.tgz 456ms (cache miss)
307 http fetch GET 200 https://registry.npmjs.org/json5/-/json5-2.2.3.tgz 512ms (cache miss)
308 http fetch GET 200 https://registry.npmjs.org/@jridgewell/gen-mapping/-/gen-mapping-0.3.13.tgz 479ms (cache miss)
309 http fetch GET 200 https://registry.npmjs.org/@babel/helper-module-transforms/-/helper-module-transforms-7.28.6.tgz 469ms (cache miss)
310 http fetch GET 200 https://registry.npmjs.org/react/-/react-18.3.1.tgz 528ms (cache miss)
311 http fetch GET 200 https://registry.npmjs.org/undici-types/-/undici-types-7.16.0.tgz 536ms (cache miss)
312 http fetch GET 200 https://registry.npmjs.org/@jridgewell/trace-mapping/-/trace-mapping-0.3.31.tgz 507ms (cache miss)
313 http fetch GET 200 https://registry.npmjs.org/postcss/-/postcss-8.5.6.tgz 552ms (cache miss)
314 http fetch GET 200 https://registry.npmjs.org/csstype/-/csstype-3.2.3.tgz 541ms (cache miss)
315 http fetch GET 200 https://registry.npmjs.org/enhanced-resolve/-/enhanced-resolve-5.18.4.tgz 568ms (cache miss)
316 http fetch GET 200 https://registry.npmjs.org/esbuild 286ms (cache miss)
317 silly packumentCache corgi:https://registry.npmjs.org/esbuild set size:undefined disposed:false
318 http fetch GET 200 https://registry.npmjs.org/tailwindcss/-/tailwindcss-4.1.18.tgz 603ms (cache miss)
319 http fetch GET 200 https://registry.npmjs.org/@supabase/postgrest-js/-/postgrest-js-2.93.3.tgz 586ms (cache miss)
320 silly packumentCache corgi:https://registry.npmjs.org/vite cache-miss
321 http fetch GET 200 https://registry.npmjs.org/@babel/generator/-/generator-7.29.0.tgz 577ms (cache miss)
322 http fetch GET 200 https://registry.npmjs.org/@rollup/rollup-darwin-arm64/-/rollup-darwin-arm64-4.57.1.tgz 603ms (cache miss)
323 http fetch GET 200 https://registry.npmjs.org/jiti/-/jiti-2.6.1.tgz 635ms (cache miss)
324 http fetch GET 200 https://registry.npmjs.org/@babel/traverse/-/traverse-7.29.0.tgz 605ms (cache miss)
325 http fetch GET 200 https://registry.npmjs.org/@tailwindcss/vite/-/vite-4.1.18.tgz 642ms (cache miss)
326 http fetch GET 200 https://registry.npmjs.org/@babel/parser/-/parser-7.29.0.tgz 630ms (cache miss)
327 http fetch GET 200 https://registry.npmjs.org/@tailwindcss/oxide-darwin-arm64/-/oxide-darwin-arm64-4.1.18.tgz 711ms (cache miss)
328 http fetch GET 200 https://registry.npmjs.org/rollup/-/rollup-4.57.1.tgz 745ms (cache miss)
329 http fetch GET 200 https://registry.npmjs.org/@supabase/supabase-js/-/supabase-js-2.93.3.tgz 731ms (cache miss)
330 http fetch GET 200 https://registry.npmjs.org/@supabase/realtime-js/-/realtime-js-2.93.3.tgz 730ms (cache miss)
331 http fetch GET 200 https://registry.npmjs.org/@babel/core/-/core-7.29.0.tgz 710ms (cache miss)
332 http fetch GET 200 https://registry.npmjs.org/@supabase/storage-js/-/storage-js-2.93.3.tgz 741ms (cache miss)
333 http fetch GET 200 https://registry.npmjs.org/@supabase/functions-js/-/functions-js-2.93.3.tgz 740ms (cache miss)
334 http fetch GET 200 https://registry.npmjs.org/@types/node/-/node-25.2.0.tgz 754ms (cache miss)
335 http fetch GET 200 https://registry.npmjs.org/vite/-/vite-5.4.21.tgz 782ms (cache miss)
336 http fetch GET 200 https://registry.npmjs.org/vite 164ms (cache miss)
337 silly packumentCache corgi:https://registry.npmjs.org/vite set size:undefined disposed:false
338 silly packumentCache corgi:https://registry.npmjs.org/@tailwindcss%2fvite cache-miss
339 silly packumentCache corgi:https://registry.npmjs.org/@vitejs%2fplugin-react cache-miss
340 http fetch GET 200 https://registry.npmjs.org/@babel/helpers/-/helpers-7.28.6.tgz 834ms (cache miss)
341 http fetch GET 200 https://registry.npmjs.org/react-dom/-/react-dom-18.3.1.tgz 898ms (cache miss)
342 http fetch GET 200 https://registry.npmjs.org/@vitejs%2fplugin-react 42ms (cache miss)
343 silly packumentCache corgi:https://registry.npmjs.org/@vitejs%2fplugin-react set size:undefined disposed:false
344 http fetch GET 200 https://registry.npmjs.org/@babel/types/-/types-7.29.0.tgz 912ms (cache miss)
345 http fetch GET 200 https://registry.npmjs.org/@tailwindcss%2fvite 80ms (cache miss)
346 silly packumentCache corgi:https://registry.npmjs.org/@tailwindcss%2fvite set size:undefined disposed:false
347 http fetch GET 200 https://registry.npmjs.org/lightningcss-darwin-arm64/-/lightningcss-darwin-arm64-1.30.2.tgz 1021ms (cache miss)
348 http fetch GET 200 https://registry.npmjs.org/@supabase/auth-js/-/auth-js-2.93.3.tgz 992ms (cache miss)
349 http fetch GET 200 https://registry.npmjs.org/@esbuild/darwin-arm64/-/darwin-arm64-0.21.5.tgz 1017ms (cache miss)
350 http fetch GET 200 https://registry.npmjs.org/caniuse-lite/-/caniuse-lite-1.0.30001767.tgz 1132ms (cache miss)
351 http fetch GET 200 https://registry.npmjs.org/typescript/-/typescript-5.9.3.tgz 1175ms (cache miss)
352 info run esbuild@0.21.5 postinstall node_modules/esbuild node install.js
353 info run esbuild@0.21.5 postinstall { code: 0, signal: null }
354 silly ADD node_modules/yallist
355 silly ADD node_modules/ws
356 silly ADD node_modules/vite
357 silly ADD node_modules/update-browserslist-db
358 silly ADD node_modules/undici-types
359 silly ADD node_modules/typescript
360 silly ADD node_modules/tslib
361 silly ADD node_modules/tapable
362 silly ADD node_modules/tailwindcss
363 silly ADD node_modules/source-map-js
364 silly ADD node_modules/semver
365 silly ADD node_modules/scheduler
366 silly ADD node_modules/rollup
367 silly ADD node_modules/react-refresh
368 silly ADD node_modules/react-dom
369 silly ADD node_modules/react
370 silly ADD node_modules/postcss
371 silly ADD node_modules/picocolors
372 silly ADD node_modules/node-releases
373 silly ADD node_modules/nanoid
374 silly ADD node_modules/ms
375 silly ADD node_modules/magic-string
376 silly ADD node_modules/lru-cache
377 silly ADD node_modules/loose-envify
378 silly ADD
379 silly ADD
380 silly ADD
381 silly ADD
382 silly ADD
383 silly ADD
384 silly ADD
385 silly ADD
386 silly ADD
387 silly ADD node_modules/lightningcss-darwin-arm64
388 silly ADD
389 silly ADD node_modules/lightningcss
390 silly ADD node_modules/json5
391 silly ADD node_modules/jsesc
392 silly ADD node_modules/js-tokens
393 silly ADD node_modules/jiti
394 silly ADD node_modules/iceberg-js
395 silly ADD node_modules/graceful-fs
396 silly ADD node_modules/gensync
397 silly ADD node_modules/fsevents
398 silly ADD node_modules/escalade
399 silly ADD node_modules/esbuild
400 silly ADD node_modules/enhanced-resolve
401 silly ADD node_modules/electron-to-chromium
402 silly ADD node_modules/detect-libc
403 silly ADD node_modules/debug
404 silly ADD node_modules/csstype
405 silly ADD node_modules/convert-source-map
406 silly ADD node_modules/caniuse-lite
407 silly ADD node_modules/browserslist
408 silly ADD node_modules/baseline-browser-mapping
409 silly ADD node_modules/@vitejs/plugin-react
410 silly ADD node_modules/@types/ws
411 silly ADD node_modules/@types/react-dom
412 silly ADD node_modules/@types/react
413 silly ADD node_modules/@types/prop-types
414 silly ADD node_modules/@types/phoenix
415 silly ADD node_modules/@types/node
416 silly ADD node_modules/@types/estree
417 silly ADD node_modules/@types/babel__traverse
418 silly ADD node_modules/@types/babel__template
419 silly ADD node_modules/@types/babel__generator
420 silly ADD node_modules/@types/babel__core
421 silly ADD node_modules/@tailwindcss/vite
422 silly ADD
423 silly ADD
424 silly ADD
425 silly ADD
426 silly ADD
427 silly ADD
428 silly ADD
429 silly ADD
430 silly ADD
431 silly ADD
432 silly ADD node_modules/@tailwindcss/oxide-darwin-arm64
433 silly ADD
434 silly ADD node_modules/@tailwindcss/oxide
435 silly ADD node_modules/@tailwindcss/node
436 silly ADD node_modules/@supabase/supabase-js
437 silly ADD node_modules/@supabase/storage-js
438 silly ADD node_modules/@supabase/realtime-js
439 silly ADD node_modules/@supabase/postgrest-js
440 silly ADD node_modules/@supabase/functions-js
441 silly ADD node_modules/@supabase/auth-js
442 silly ADD
443 silly ADD
444 silly ADD
445 silly ADD
446 silly ADD
447 silly ADD
448 silly ADD
449 silly ADD
450 silly ADD
451 silly ADD
452 silly ADD
453 silly ADD
454 silly ADD
455 silly ADD
456 silly ADD
457 silly ADD
458 silly ADD
459 silly ADD
460 silly ADD
461 silly ADD
462 silly ADD
463 silly ADD
464 silly ADD node_modules/@rollup/rollup-darwin-arm64
465 silly ADD
466 silly ADD
467 silly ADD node_modules/@rolldown/pluginutils
468 silly ADD node_modules/@jridgewell/trace-mapping
469 silly ADD node_modules/@jridgewell/sourcemap-codec
470 silly ADD node_modules/@jridgewell/resolve-uri
471 silly ADD node_modules/@jridgewell/remapping
472 silly ADD node_modules/@jridgewell/gen-mapping
473 silly ADD
474 silly ADD
475 silly ADD
476 silly ADD
477 silly ADD
478 silly ADD
479 silly ADD
480 silly ADD
481 silly ADD
482 silly ADD
483 silly ADD
484 silly ADD
485 silly ADD
486 silly ADD
487 silly ADD
488 silly ADD
489 silly ADD
490 silly ADD
491 silly ADD node_modules/@esbuild/darwin-arm64
492 silly ADD
493 silly ADD
494 silly ADD
495 silly ADD
496 silly ADD node_modules/@babel/types
497 silly ADD node_modules/@babel/traverse
498 silly ADD node_modules/@babel/template
499 silly ADD node_modules/@babel/plugin-transform-react-jsx-source
500 silly ADD node_modules/@babel/plugin-transform-react-jsx-self
501 silly ADD node_modules/@babel/parser
502 silly ADD node_modules/@babel/helpers
503 silly ADD node_modules/@babel/helper-validator-option
504 silly ADD node_modules/@babel/helper-validator-identifier
505 silly ADD node_modules/@babel/helper-string-parser
506 silly ADD node_modules/@babel/helper-plugin-utils
507 silly ADD node_modules/@babel/helper-module-transforms
508 silly ADD node_modules/@babel/helper-module-imports
509 silly ADD node_modules/@babel/helper-globals
510 silly ADD node_modules/@babel/helper-compilation-targets
511 silly ADD node_modules/@babel/generator
512 silly ADD node_modules/@babel/core
513 silly ADD node_modules/@babel/compat-data
514 silly ADD node_modules/@babel/code-frame
515 verbose cwd /Users/ayumuyoshinaga/Desktop/supabaseテキスト/react_supabase
516 verbose os Darwin 25.2.0
517 verbose node v20.19.6
518 verbose npm  v10.8.2
519 verbose exit 0
520 info ok
